  [1m[35m (0.9ms)[0m  [1m[34mSELECT sqlite_version(*)[0m
  [1m[35m (0.3ms)[0m  [1m[34mSELECT sqlite_version(*)[0m
  [1m[35m (20.4ms)[0m  [1m[35mCREATE TABLE "schema_migrations" ("version" varchar NOT NULL PRIMARY KEY)[0m
  [1m[35m (8.5ms)[0m  [1m[35mCREATE TABLE "ar_internal_metadata" ("key" varchar NOT NULL PRIMARY KEY, "value" varchar, "created_at" datetime(6) NOT NULL, "updated_at" datetime(6) NOT NULL)[0m
  [1m[35m (0.1ms)[0m  [1m[34mSELECT "schema_migrations"."version" FROM "schema_migrations" ORDER BY "schema_migrations"."version" ASC[0m
Migrating to CreateGames (20200915074529)
  [1m[35m (0.0ms)[0m  [1m[36mbegin transaction[0m
  [1m[35m (0.2ms)[0m  [1m[35mCREATE TABLE "games" ("id" integer PRIMARY KEY AUTOINCREMENT NOT NULL, "rows" integer NOT NULL, "columns" integer NOT NULL, "mines" integer NOT NULL, "created_at" datetime(6) NOT NULL, "updated_at" datetime(6) NOT NULL)[0m
  [1m[36mprimary::SchemaMigration Create (0.1ms)[0m  [1m[32mINSERT INTO "schema_migrations" ("version") VALUES (?)[0m  [["version", "20200915074529"]]
  [1m[35m (5.2ms)[0m  [1m[36mcommit transaction[0m
Migrating to CreateCells (20200915074554)
  [1m[35m (0.0ms)[0m  [1m[36mbegin transaction[0m
  [1m[35m (0.2ms)[0m  [1m[35mCREATE TABLE "cells" ("id" integer PRIMARY KEY AUTOINCREMENT NOT NULL, "game_id" integer, "row" integer NOT NULL, "column" integer NOT NULL, "state" integer DEFAULT 0 NOT NULL, "mine" boolean DEFAULT 0 NOT NULL, "created_at" datetime(6) NOT NULL, "updated_at" datetime(6) NOT NULL)[0m
  [1m[35m (0.2ms)[0m  [1m[35mCREATE  INDEX "index_cells_on_game_id" ON "cells" ("game_id")[0m
  [1m[36mprimary::SchemaMigration Create (0.1ms)[0m  [1m[32mINSERT INTO "schema_migrations" ("version") VALUES (?)[0m  [["version", "20200915074554"]]
  [1m[35m (5.0ms)[0m  [1m[36mcommit transaction[0m
  [1m[36mActiveRecord::InternalMetadata Load (0.4ms)[0m  [1m[34mSELECT "ar_internal_metadata".* FROM "ar_internal_metadata" WHERE "ar_internal_metadata"."key" = ? LIMIT ?[0m  [["key", "environment"], ["LIMIT", 1]]
  [1m[35m (0.1ms)[0m  [1m[36mbegin transaction[0m
  [1m[36mActiveRecord::InternalMetadata Create (0.3ms)[0m  [1m[32mINSERT INTO "ar_internal_metadata" ("key", "value", "created_at", "updated_at") VALUES (?, ?, ?, ?)[0m  [["key", "environment"], ["value", "development"], ["created_at", "2020-09-15 07:46:43.073019"], ["updated_at", "2020-09-15 07:46:43.073019"]]
  [1m[35m (3.8ms)[0m  [1m[36mcommit transaction[0m
  [1m[35m (0.1ms)[0m  [1m[34mSELECT sqlite_version(*)[0m
  [1m[35m (0.1ms)[0m  [1m[34mSELECT "schema_migrations"."version" FROM "schema_migrations" ORDER BY "schema_migrations"."version" ASC[0m
  [1m[35m (0.4ms)[0m  [1m[34mSELECT sqlite_version(*)[0m
  [1m[35m (0.1ms)[0m  [1m[36mbegin transaction[0m
  [1m[36mGame Create (0.3ms)[0m  [1m[32mINSERT INTO "games" ("rows", "columns", "mines", "created_at", "updated_at") VALUES (?, ?, ?, ?, ?)[0m  [["rows", 3], ["columns", 3], ["mines", 3], ["created_at", "2020-09-15 07:46:55.318997"], ["updated_at", "2020-09-15 07:46:55.318997"]]
  [1m[36mCell Create (0.1ms)[0m  [1m[32mINSERT INTO "cells" ("game_id", "row", "column", "mine", "created_at", "updated_at") VALUES (?, ?, ?, ?, ?, ?)[0m  [["game_id", 1], ["row", 1], ["column", 1], ["mine", 1], ["created_at", "2020-09-15 07:46:55.320496"], ["updated_at", "2020-09-15 07:46:55.320496"]]
  [1m[36mCell Create (0.1ms)[0m  [1m[32mINSERT INTO "cells" ("game_id", "row", "column", "mine", "created_at", "updated_at") VALUES (?, ?, ?, ?, ?, ?)[0m  [["game_id", 1], ["row", 2], ["column", 1], ["mine", 1], ["created_at", "2020-09-15 07:46:55.321158"], ["updated_at", "2020-09-15 07:46:55.321158"]]
  [1m[36mCell Create (0.1ms)[0m  [1m[32mINSERT INTO "cells" ("game_id", "row", "column", "mine", "created_at", "updated_at") VALUES (?, ?, ?, ?, ?, ?)[0m  [["game_id", 1], ["row", 2], ["column", 0], ["mine", 1], ["created_at", "2020-09-15 07:46:55.321705"], ["updated_at", "2020-09-15 07:46:55.321705"]]
  [1m[36mCell Create (0.1ms)[0m  [1m[32mINSERT INTO "cells" ("game_id", "row", "column", "created_at", "updated_at") VALUES (?, ?, ?, ?, ?)[0m  [["game_id", 1], ["row", 0], ["column", 1], ["created_at", "2020-09-15 07:46:55.322222"], ["updated_at", "2020-09-15 07:46:55.322222"]]
  [1m[36mCell Create (0.1ms)[0m  [1m[32mINSERT INTO "cells" ("game_id", "row", "column", "created_at", "updated_at") VALUES (?, ?, ?, ?, ?)[0m  [["game_id", 1], ["row", 0], ["column", 2], ["created_at", "2020-09-15 07:46:55.322738"], ["updated_at", "2020-09-15 07:46:55.322738"]]
  [1m[36mCell Create (0.1ms)[0m  [1m[32mINSERT INTO "cells" ("game_id", "row", "column", "created_at", "updated_at") VALUES (?, ?, ?, ?, ?)[0m  [["game_id", 1], ["row", 1], ["column", 2], ["created_at", "2020-09-15 07:46:55.323244"], ["updated_at", "2020-09-15 07:46:55.323244"]]
  [1m[36mCell Create (0.1ms)[0m  [1m[32mINSERT INTO "cells" ("game_id", "row", "column", "created_at", "updated_at") VALUES (?, ?, ?, ?, ?)[0m  [["game_id", 1], ["row", 0], ["column", 0], ["created_at", "2020-09-15 07:46:55.323750"], ["updated_at", "2020-09-15 07:46:55.323750"]]
  [1m[36mCell Create (0.1ms)[0m  [1m[32mINSERT INTO "cells" ("game_id", "row", "column", "created_at", "updated_at") VALUES (?, ?, ?, ?, ?)[0m  [["game_id", 1], ["row", 2], ["column", 2], ["created_at", "2020-09-15 07:46:55.324254"], ["updated_at", "2020-09-15 07:46:55.324254"]]
  [1m[36mCell Create (0.1ms)[0m  [1m[32mINSERT INTO "cells" ("game_id", "row", "column", "created_at", "updated_at") VALUES (?, ?, ?, ?, ?)[0m  [["game_id", 1], ["row", 1], ["column", 0], ["created_at", "2020-09-15 07:46:55.324757"], ["updated_at", "2020-09-15 07:46:55.324757"]]
  [1m[35m (11.9ms)[0m  [1m[36mcommit transaction[0m
  [1m[36mGame Load (0.2ms)[0m  [1m[34mSELECT "games".* FROM "games" ORDER BY "games"."id" ASC LIMIT ?[0m  [["LIMIT", 1]]
  [1m[36mCell Load (0.3ms)[0m  [1m[34mSELECT "cells".* FROM "cells" WHERE "cells"."game_id" = ? ORDER BY "cells"."row" ASC, "cells"."column" ASC LIMIT ?[0m  [["game_id", 1], ["LIMIT", 11]]
  [1m[36mGame Load (0.3ms)[0m  [1m[34mSELECT "games".* FROM "games" ORDER BY "games"."id" ASC LIMIT ?[0m  [["LIMIT", 1]]
  [1m[35m (0.5ms)[0m  [1m[34mSELECT "cells"."column", "cells"."row", "cells"."mine" FROM "cells" WHERE "cells"."game_id" = ? ORDER BY "cells"."row" ASC, "cells"."column" ASC[0m  [["game_id", 1]]
  [1m[35m (0.3ms)[0m  [1m[36mbegin transaction[0m
  [1m[36mGame Create (0.7ms)[0m  [1m[32mINSERT INTO "games" ("rows", "columns", "mines", "created_at", "updated_at") VALUES (?, ?, ?, ?, ?)[0m  [["rows", 3], ["columns", 3], ["mines", 3], ["created_at", "2020-09-15 07:47:14.913687"], ["updated_at", "2020-09-15 07:47:14.913687"]]
  [1m[36mCell Create (0.4ms)[0m  [1m[32mINSERT INTO "cells" ("game_id", "row", "column", "mine", "created_at", "updated_at") VALUES (?, ?, ?, ?, ?, ?)[0m  [["game_id", 2], ["row", 0], ["column", 1], ["mine", 1], ["created_at", "2020-09-15 07:47:14.917589"], ["updated_at", "2020-09-15 07:47:14.917589"]]
  [1m[36mCell Create (0.3ms)[0m  [1m[32mINSERT INTO "cells" ("game_id", "row", "column", "mine", "created_at", "updated_at") VALUES (?, ?, ?, ?, ?, ?)[0m  [["game_id", 2], ["row", 1], ["column", 2], ["mine", 1], ["created_at", "2020-09-15 07:47:14.919978"], ["updated_at", "2020-09-15 07:47:14.919978"]]
  [1m[36mCell Create (0.2ms)[0m  [1m[32mINSERT INTO "cells" ("game_id", "row", "column", "mine", "created_at", "updated_at") VALUES (?, ?, ?, ?, ?, ?)[0m  [["game_id", 2], ["row", 1], ["column", 1], ["mine", 1], ["created_at", "2020-09-15 07:47:14.922172"], ["updated_at", "2020-09-15 07:47:14.922172"]]
  [1m[36mCell Create (0.2ms)[0m  [1m[32mINSERT INTO "cells" ("game_id", "row", "column", "created_at", "updated_at") VALUES (?, ?, ?, ?, ?)[0m  [["game_id", 2], ["row", 2], ["column", 1], ["created_at", "2020-09-15 07:47:14.923786"], ["updated_at", "2020-09-15 07:47:14.923786"]]
  [1m[36mCell Create (0.2ms)[0m  [1m[32mINSERT INTO "cells" ("game_id", "row", "column", "created_at", "updated_at") VALUES (?, ?, ?, ?, ?)[0m  [["game_id", 2], ["row", 0], ["column", 0], ["created_at", "2020-09-15 07:47:14.925114"], ["updated_at", "2020-09-15 07:47:14.925114"]]
  [1m[36mCell Create (0.2ms)[0m  [1m[32mINSERT INTO "cells" ("game_id", "row", "column", "created_at", "updated_at") VALUES (?, ?, ?, ?, ?)[0m  [["game_id", 2], ["row", 1], ["column", 0], ["created_at", "2020-09-15 07:47:14.926521"], ["updated_at", "2020-09-15 07:47:14.926521"]]
  [1m[36mCell Create (0.2ms)[0m  [1m[32mINSERT INTO "cells" ("game_id", "row", "column", "created_at", "updated_at") VALUES (?, ?, ?, ?, ?)[0m  [["game_id", 2], ["row", 2], ["column", 0], ["created_at", "2020-09-15 07:47:14.927821"], ["updated_at", "2020-09-15 07:47:14.927821"]]
  [1m[36mCell Create (0.2ms)[0m  [1m[32mINSERT INTO "cells" ("game_id", "row", "column", "created_at", "updated_at") VALUES (?, ?, ?, ?, ?)[0m  [["game_id", 2], ["row", 2], ["column", 2], ["created_at", "2020-09-15 07:47:14.928844"], ["updated_at", "2020-09-15 07:47:14.928844"]]
  [1m[36mCell Create (0.1ms)[0m  [1m[32mINSERT INTO "cells" ("game_id", "row", "column", "created_at", "updated_at") VALUES (?, ?, ?, ?, ?)[0m  [["game_id", 2], ["row", 0], ["column", 2], ["created_at", "2020-09-15 07:47:14.930040"], ["updated_at", "2020-09-15 07:47:14.930040"]]
  [1m[35m (5.9ms)[0m  [1m[36mcommit transaction[0m
  [1m[36mGame Load (0.2ms)[0m  [1m[34mSELECT "games".* FROM "games" ORDER BY "games"."id" DESC LIMIT ?[0m  [["LIMIT", 1]]
  [1m[35m (0.1ms)[0m  [1m[34mSELECT "cells"."column", "cells"."row", "cells"."mine" FROM "cells" WHERE "cells"."game_id" = ? ORDER BY "cells"."row" ASC, "cells"."column" ASC[0m  [["game_id", 2]]
  [1m[36mGame Load (0.1ms)[0m  [1m[34mSELECT "games".* FROM "games" ORDER BY "games"."id" DESC LIMIT ?[0m  [["LIMIT", 1]]
  [1m[35m (0.2ms)[0m  [1m[34mSELECT "cells"."row", "cells"."column", "cells"."mine" FROM "cells" WHERE "cells"."game_id" = ? ORDER BY "cells"."row" ASC, "cells"."column" ASC[0m  [["game_id", 2]]
  [1m[35m (0.3ms)[0m  [1m[34mSELECT sqlite_version(*)[0m
  [1m[35m (0.1ms)[0m  [1m[34mSELECT "schema_migrations"."version" FROM "schema_migrations" ORDER BY "schema_migrations"."version" ASC[0m
  [1m[35m (0.1ms)[0m  [1m[34mSELECT "schema_migrations"."version" FROM "schema_migrations" ORDER BY "schema_migrations"."version" ASC[0m
  [1m[35m (0.0ms)[0m  [1m[34mSELECT "schema_migrations"."version" FROM "schema_migrations" ORDER BY "schema_migrations"."version" ASC[0m
  [1m[35m (0.0ms)[0m  [1m[34mSELECT "schema_migrations"."version" FROM "schema_migrations" ORDER BY "schema_migrations"."version" ASC[0m
Migrating to CreateCells (20200915074554)
  [1m[35m (0.0ms)[0m  [1m[36mbegin transaction[0m
  [1m[35m (0.3ms)[0m  [1m[35mDROP TABLE "cells"[0m
  [1m[36mprimary::SchemaMigration Destroy (0.1ms)[0m  [1m[31mDELETE FROM "schema_migrations" WHERE "schema_migrations"."version" = ?[0m  [["version", "20200915074554"]]
  [1m[35m (3.9ms)[0m  [1m[36mcommit transaction[0m
Migrating to CreateGames (20200915074529)
  [1m[35m (0.0ms)[0m  [1m[36mbegin transaction[0m
  [1m[35m (0.7ms)[0m  [1m[35mDROP TABLE "games"[0m
  [1m[36mprimary::SchemaMigration Destroy (0.7ms)[0m  [1m[31mDELETE FROM "schema_migrations" WHERE "schema_migrations"."version" = ?[0m  [["version", "20200915074529"]]
  [1m[35m (3.8ms)[0m  [1m[36mcommit transaction[0m
  [1m[35m (0.2ms)[0m  [1m[34mSELECT sqlite_version(*)[0m
  [1m[35m (0.4ms)[0m  [1m[34mSELECT "schema_migrations"."version" FROM "schema_migrations" ORDER BY "schema_migrations"."version" ASC[0m
  [1m[35m (314.1ms)[0m  [1m[35mCREATE DATABASE "minesweeper-API_development" ENCODING = 'unicode'[0m
  [1m[35m (269.9ms)[0m  [1m[35mCREATE DATABASE "minesweeper-API_test" ENCODING = 'unicode'[0m
  [1m[35m (18.4ms)[0m  [1m[35mCREATE TABLE "schema_migrations" ("version" character varying NOT NULL PRIMARY KEY)[0m
  [1m[35m (17.5ms)[0m  [1m[35mCREATE TABLE "ar_internal_metadata" ("key" character varying NOT NULL PRIMARY KEY, "value" character varying, "created_at" timestamp(6) NOT NULL, "updated_at" timestamp(6) NOT NULL)[0m
  [1m[35m (0.7ms)[0m  [1m[34mSELECT pg_try_advisory_lock(235092539872922655)[0m
  [1m[35m (1.2ms)[0m  [1m[34mSELECT "schema_migrations"."version" FROM "schema_migrations" ORDER BY "schema_migrations"."version" ASC[0m
Migrating to CreateGames (20200915074529)
  [1m[35m (0.5ms)[0m  [1m[35mBEGIN[0m
  [1m[35m (10.1ms)[0m  [1m[35mCREATE TABLE "games" ("id" bigserial primary key, "rows" integer NOT NULL, "columns" integer NOT NULL, "mines" integer NOT NULL, "created_at" timestamp(6) NOT NULL, "updated_at" timestamp(6) NOT NULL)[0m
  [1m[36mprimary::SchemaMigration Create (1.0ms)[0m  [1m[32mINSERT INTO "schema_migrations" ("version") VALUES ($1) RETURNING "version"[0m  [["version", "20200915074529"]]
  [1m[35m (4.2ms)[0m  [1m[35mCOMMIT[0m
Migrating to CreateCells (20200915074554)
  [1m[35m (0.6ms)[0m  [1m[35mBEGIN[0m
  [1m[35m (7.7ms)[0m  [1m[35mCREATE TABLE "cells" ("id" bigserial primary key, "game_id" bigint, "row" integer NOT NULL, "column" integer NOT NULL, "state" integer DEFAULT 0 NOT NULL, "mine" boolean DEFAULT FALSE NOT NULL, "created_at" timestamp(6) NOT NULL, "updated_at" timestamp(6) NOT NULL)[0m
  [1m[35m (3.3ms)[0m  [1m[35mCREATE  INDEX  "index_cells_on_game_id" ON "cells"  ("game_id")[0m
  [1m[36mprimary::SchemaMigration Create (0.8ms)[0m  [1m[32mINSERT INTO "schema_migrations" ("version") VALUES ($1) RETURNING "version"[0m  [["version", "20200915074554"]]
  [1m[35m (2.2ms)[0m  [1m[35mCOMMIT[0m
  [1m[36mActiveRecord::InternalMetadata Load (0.9ms)[0m  [1m[34mSELECT "ar_internal_metadata".* FROM "ar_internal_metadata" WHERE "ar_internal_metadata"."key" = $1 LIMIT $2[0m  [["key", "environment"], ["LIMIT", 1]]
  [1m[35m (0.5ms)[0m  [1m[35mBEGIN[0m
  [1m[36mActiveRecord::InternalMetadata Create (0.9ms)[0m  [1m[32mINSERT INTO "ar_internal_metadata" ("key", "value", "created_at", "updated_at") VALUES ($1, $2, $3, $4) RETURNING "key"[0m  [["key", "environment"], ["value", "development"], ["created_at", "2020-09-15 07:57:40.309911"], ["updated_at", "2020-09-15 07:57:40.309911"]]
  [1m[35m (2.2ms)[0m  [1m[35mCOMMIT[0m
  [1m[35m (0.4ms)[0m  [1m[34mSELECT pg_advisory_unlock(235092539872922655)[0m
  [1m[35m (0.5ms)[0m  [1m[34mSELECT "schema_migrations"."version" FROM "schema_migrations" ORDER BY "schema_migrations"."version" ASC[0m
  [1m[35m (0.4ms)[0m  [1m[34mSELECT "schema_migrations"."version" FROM "schema_migrations" ORDER BY "schema_migrations"."version" ASC[0m
  [1m[35m (0.3ms)[0m  [1m[34mSELECT "ar_internal_metadata"."value" FROM "ar_internal_metadata" WHERE "ar_internal_metadata"."key" = $1[0m  [["key", "environment"]]
  [1m[35m (0.2ms)[0m  [1m[34mSELECT "schema_migrations"."version" FROM "schema_migrations" ORDER BY "schema_migrations"."version" ASC[0m
  [1m[35m (0.2ms)[0m  [1m[34mSELECT "ar_internal_metadata"."value" FROM "ar_internal_metadata" WHERE "ar_internal_metadata"."key" = $1[0m  [["key", "environment"]]
  [1m[35m (0.3ms)[0m  [1m[34mSELECT "schema_migrations"."version" FROM "schema_migrations" ORDER BY "schema_migrations"."version" ASC[0m
  [1m[35m (0.2ms)[0m  [1m[34mSELECT "ar_internal_metadata"."value" FROM "ar_internal_metadata" WHERE "ar_internal_metadata"."key" = $1[0m  [["key", "environment"]]
  [1m[35m (114.0ms)[0m  [1m[35mDROP DATABASE IF EXISTS "minesweeper-API_development"[0m
  [1m[35m (114.0ms)[0m  [1m[35mDROP DATABASE IF EXISTS "minesweeper-API_test"[0m
  [1m[35m (254.4ms)[0m  [1m[35mCREATE DATABASE "minesweeper-API_development" ENCODING = 'unicode'[0m
  [1m[35m (275.6ms)[0m  [1m[35mCREATE DATABASE "minesweeper-API_test" ENCODING = 'unicode'[0m
  [1m[35mSQL (0.3ms)[0m  [1m[35mCREATE EXTENSION IF NOT EXISTS "plpgsql"[0m
  [1m[35m (0.2ms)[0m  [1m[35mDROP TABLE IF EXISTS "cells" CASCADE[0m
  [1m[35m (7.0ms)[0m  [1m[35mCREATE TABLE "cells" ("id" bigserial primary key, "game_id" bigint, "row" integer NOT NULL, "column" integer NOT NULL, "state" integer DEFAULT 0 NOT NULL, "mine" boolean DEFAULT FALSE NOT NULL, "created_at" timestamp(6) NOT NULL, "updated_at" timestamp(6) NOT NULL)[0m
  [1m[35m (3.1ms)[0m  [1m[35mCREATE  INDEX  "index_cells_on_game_id" ON "cells"  ("game_id")[0m
  [1m[35m (0.1ms)[0m  [1m[35mDROP TABLE IF EXISTS "games" CASCADE[0m
  [1m[35m (4.3ms)[0m  [1m[35mCREATE TABLE "games" ("id" bigserial primary key, "rows" integer NOT NULL, "columns" integer NOT NULL, "mines" integer NOT NULL, "created_at" timestamp(6) NOT NULL, "updated_at" timestamp(6) NOT NULL)[0m
  [1m[35m (8.6ms)[0m  [1m[35mCREATE TABLE "schema_migrations" ("version" character varying NOT NULL PRIMARY KEY)[0m
  [1m[35m (0.7ms)[0m  [1m[34mSELECT "schema_migrations"."version" FROM "schema_migrations" ORDER BY "schema_migrations"."version" ASC[0m
  [1m[35m (1.2ms)[0m  [1m[32mINSERT INTO "schema_migrations" (version) VALUES (20200915074554)[0m
  [1m[35m (1.0ms)[0m  [1m[32mINSERT INTO "schema_migrations" (version) VALUES
(20200915074529);

[0m
  [1m[35m (6.3ms)[0m  [1m[35mCREATE TABLE "ar_internal_metadata" ("key" character varying NOT NULL PRIMARY KEY, "value" character varying, "created_at" timestamp(6) NOT NULL, "updated_at" timestamp(6) NOT NULL)[0m
  [1m[36mActiveRecord::InternalMetadata Load (0.5ms)[0m  [1m[34mSELECT "ar_internal_metadata".* FROM "ar_internal_metadata" WHERE "ar_internal_metadata"."key" = $1 LIMIT $2[0m  [["key", "environment"], ["LIMIT", 1]]
  [1m[35m (0.1ms)[0m  [1m[35mBEGIN[0m
  [1m[36mActiveRecord::InternalMetadata Create (0.4ms)[0m  [1m[32mINSERT INTO "ar_internal_metadata" ("key", "value", "created_at", "updated_at") VALUES ($1, $2, $3, $4) RETURNING "key"[0m  [["key", "environment"], ["value", "development"], ["created_at", "2020-09-15 07:58:07.252913"], ["updated_at", "2020-09-15 07:58:07.252913"]]
  [1m[35m (0.9ms)[0m  [1m[35mCOMMIT[0m
  [1m[36mActiveRecord::InternalMetadata Load (0.2ms)[0m  [1m[34mSELECT "ar_internal_metadata".* FROM "ar_internal_metadata" WHERE "ar_internal_metadata"."key" = $1 LIMIT $2[0m  [["key", "environment"], ["LIMIT", 1]]
  [1m[36mActiveRecord::InternalMetadata Load (0.2ms)[0m  [1m[34mSELECT "ar_internal_metadata".* FROM "ar_internal_metadata" WHERE "ar_internal_metadata"."key" = $1 LIMIT $2[0m  [["key", "schema_sha1"], ["LIMIT", 1]]
  [1m[35m (0.1ms)[0m  [1m[35mBEGIN[0m
  [1m[36mActiveRecord::InternalMetadata Create (0.2ms)[0m  [1m[32mINSERT INTO "ar_internal_metadata" ("key", "value", "created_at", "updated_at") VALUES ($1, $2, $3, $4) RETURNING "key"[0m  [["key", "schema_sha1"], ["value", "2ae814a617c54c0529c812b7a853cd11a7c20b40"], ["created_at", "2020-09-15 07:58:07.261488"], ["updated_at", "2020-09-15 07:58:07.261488"]]
  [1m[35m (0.9ms)[0m  [1m[35mCOMMIT[0m
  [1m[35mSQL (0.3ms)[0m  [1m[35mCREATE EXTENSION IF NOT EXISTS "plpgsql"[0m
  [1m[35m (0.2ms)[0m  [1m[35mDROP TABLE IF EXISTS "cells" CASCADE[0m
  [1m[35m (5.9ms)[0m  [1m[35mCREATE TABLE "cells" ("id" bigserial primary key, "game_id" bigint, "row" integer NOT NULL, "column" integer NOT NULL, "state" integer DEFAULT 0 NOT NULL, "mine" boolean DEFAULT FALSE NOT NULL, "created_at" timestamp(6) NOT NULL, "updated_at" timestamp(6) NOT NULL)[0m
  [1m[35m (3.2ms)[0m  [1m[35mCREATE  INDEX  "index_cells_on_game_id" ON "cells"  ("game_id")[0m
  [1m[35m (0.1ms)[0m  [1m[35mDROP TABLE IF EXISTS "games" CASCADE[0m
  [1m[35m (4.5ms)[0m  [1m[35mCREATE TABLE "games" ("id" bigserial primary key, "rows" integer NOT NULL, "columns" integer NOT NULL, "mines" integer NOT NULL, "created_at" timestamp(6) NOT NULL, "updated_at" timestamp(6) NOT NULL)[0m
  [1m[35m (5.9ms)[0m  [1m[35mCREATE TABLE "schema_migrations" ("version" character varying NOT NULL PRIMARY KEY)[0m
  [1m[35m (0.3ms)[0m  [1m[34mSELECT "schema_migrations"."version" FROM "schema_migrations" ORDER BY "schema_migrations"."version" ASC[0m
  [1m[35m (0.9ms)[0m  [1m[32mINSERT INTO "schema_migrations" (version) VALUES (20200915074554)[0m
  [1m[35m (0.9ms)[0m  [1m[32mINSERT INTO "schema_migrations" (version) VALUES
(20200915074529);

[0m
  [1m[35m (5.5ms)[0m  [1m[35mCREATE TABLE "ar_internal_metadata" ("key" character varying NOT NULL PRIMARY KEY, "value" character varying, "created_at" timestamp(6) NOT NULL, "updated_at" timestamp(6) NOT NULL)[0m
  [1m[36mActiveRecord::InternalMetadata Load (0.3ms)[0m  [1m[34mSELECT "ar_internal_metadata".* FROM "ar_internal_metadata" WHERE "ar_internal_metadata"."key" = $1 LIMIT $2[0m  [["key", "environment"], ["LIMIT", 1]]
  [1m[35m (0.1ms)[0m  [1m[35mBEGIN[0m
  [1m[36mActiveRecord::InternalMetadata Create (0.3ms)[0m  [1m[32mINSERT INTO "ar_internal_metadata" ("key", "value", "created_at", "updated_at") VALUES ($1, $2, $3, $4) RETURNING "key"[0m  [["key", "environment"], ["value", "development"], ["created_at", "2020-09-15 07:58:07.328234"], ["updated_at", "2020-09-15 07:58:07.328234"]]
  [1m[35m (0.9ms)[0m  [1m[35mCOMMIT[0m
  [1m[36mActiveRecord::InternalMetadata Load (0.2ms)[0m  [1m[34mSELECT "ar_internal_metadata".* FROM "ar_internal_metadata" WHERE "ar_internal_metadata"."key" = $1 LIMIT $2[0m  [["key", "environment"], ["LIMIT", 1]]
  [1m[35m (0.1ms)[0m  [1m[35mBEGIN[0m
  [1m[36mActiveRecord::InternalMetadata Update (0.2ms)[0m  [1m[33mUPDATE "ar_internal_metadata" SET "value" = $1, "updated_at" = $2 WHERE "ar_internal_metadata"."key" = $3[0m  [["value", "test"], ["updated_at", "2020-09-15 07:58:07.333906"], ["key", "environment"]]
  [1m[35m (1.0ms)[0m  [1m[35mCOMMIT[0m
  [1m[36mActiveRecord::InternalMetadata Load (0.2ms)[0m  [1m[34mSELECT "ar_internal_metadata".* FROM "ar_internal_metadata" WHERE "ar_internal_metadata"."key" = $1 LIMIT $2[0m  [["key", "schema_sha1"], ["LIMIT", 1]]
  [1m[35m (0.2ms)[0m  [1m[35mBEGIN[0m
  [1m[36mActiveRecord::InternalMetadata Create (0.8ms)[0m  [1m[32mINSERT INTO "ar_internal_metadata" ("key", "value", "created_at", "updated_at") VALUES ($1, $2, $3, $4) RETURNING "key"[0m  [["key", "schema_sha1"], ["value", "2ae814a617c54c0529c812b7a853cd11a7c20b40"], ["created_at", "2020-09-15 07:58:07.339167"], ["updated_at", "2020-09-15 07:58:07.339167"]]
  [1m[35m (1.2ms)[0m  [1m[35mCOMMIT[0m
  [1m[35m (1.2ms)[0m  [1m[34mSELECT "schema_migrations"."version" FROM "schema_migrations" ORDER BY "schema_migrations"."version" ASC[0m
  [1m[35m (0.2ms)[0m  [1m[34mSELECT pg_try_advisory_lock(235092539872922655)[0m
  [1m[35m (0.5ms)[0m  [1m[34mSELECT "schema_migrations"."version" FROM "schema_migrations" ORDER BY "schema_migrations"."version" ASC[0m
  [1m[36mActiveRecord::InternalMetadata Load (0.3ms)[0m  [1m[34mSELECT "ar_internal_metadata".* FROM "ar_internal_metadata" WHERE "ar_internal_metadata"."key" = $1 LIMIT $2[0m  [["key", "environment"], ["LIMIT", 1]]
  [1m[35m (0.4ms)[0m  [1m[34mSELECT pg_advisory_unlock(235092539872922655)[0m
  [1m[35m (0.9ms)[0m  [1m[34mSELECT "schema_migrations"."version" FROM "schema_migrations" ORDER BY "schema_migrations"."version" ASC[0m
  [1m[35m (0.2ms)[0m  [1m[34mSELECT pg_try_advisory_lock(235092539872922655)[0m
  [1m[35m (1.0ms)[0m  [1m[34mSELECT "schema_migrations"."version" FROM "schema_migrations" ORDER BY "schema_migrations"."version" ASC[0m
  [1m[36mActiveRecord::InternalMetadata Load (0.5ms)[0m  [1m[34mSELECT "ar_internal_metadata".* FROM "ar_internal_metadata" WHERE "ar_internal_metadata"."key" = $1 LIMIT $2[0m  [["key", "environment"], ["LIMIT", 1]]
  [1m[35m (0.3ms)[0m  [1m[34mSELECT pg_advisory_unlock(235092539872922655)[0m
  [1m[35m (0.5ms)[0m  [1m[34mSELECT "schema_migrations"."version" FROM "schema_migrations" ORDER BY "schema_migrations"."version" ASC[0m
  [1m[36mGame Load (0.4ms)[0m  [1m[34mSELECT "games".* FROM "games" ORDER BY "games"."id" ASC LIMIT $1[0m  [["LIMIT", 1]]
  [1m[35m (0.4ms)[0m  [1m[35mBEGIN[0m
  [1m[36mGame Create (0.6ms)[0m  [1m[32mINSERT INTO "games" ("rows", "columns", "mines", "created_at", "updated_at") VALUES ($1, $2, $3, $4, $5) RETURNING "id"[0m  [["rows", 3], ["columns", 3], ["mines", 3], ["created_at", "2020-09-15 08:00:14.032045"], ["updated_at", "2020-09-15 08:00:14.032045"]]
  [1m[36mCell Create (0.5ms)[0m  [1m[32mINSERT INTO "cells" ("game_id", "row", "column", "mine", "created_at", "updated_at") VALUES ($1, $2, $3, $4, $5, $6) RETURNING "id"[0m  [["game_id", 1], ["row", 2], ["column", 1], ["mine", true], ["created_at", "2020-09-15 08:00:14.033931"], ["updated_at", "2020-09-15 08:00:14.033931"]]
  [1m[36mCell Create (0.3ms)[0m  [1m[32mINSERT INTO "cells" ("game_id", "row", "column", "mine", "created_at", "updated_at") VALUES ($1, $2, $3, $4, $5, $6) RETURNING "id"[0m  [["game_id", 1], ["row", 2], ["column", 0], ["mine", true], ["created_at", "2020-09-15 08:00:14.035080"], ["updated_at", "2020-09-15 08:00:14.035080"]]
  [1m[36mCell Create (0.3ms)[0m  [1m[32mINSERT INTO "cells" ("game_id", "row", "column", "mine", "created_at", "updated_at") VALUES ($1, $2, $3, $4, $5, $6) RETURNING "id"[0m  [["game_id", 1], ["row", 1], ["column", 0], ["mine", true], ["created_at", "2020-09-15 08:00:14.035911"], ["updated_at", "2020-09-15 08:00:14.035911"]]
  [1m[36mCell Create (0.3ms)[0m  [1m[32mINSERT INTO "cells" ("game_id", "row", "column", "created_at", "updated_at") VALUES ($1, $2, $3, $4, $5) RETURNING "id"[0m  [["game_id", 1], ["row", 0], ["column", 1], ["created_at", "2020-09-15 08:00:14.036742"], ["updated_at", "2020-09-15 08:00:14.036742"]]
  [1m[36mCell Create (0.3ms)[0m  [1m[32mINSERT INTO "cells" ("game_id", "row", "column", "created_at", "updated_at") VALUES ($1, $2, $3, $4, $5) RETURNING "id"[0m  [["game_id", 1], ["row", 1], ["column", 2], ["created_at", "2020-09-15 08:00:14.037582"], ["updated_at", "2020-09-15 08:00:14.037582"]]
  [1m[36mCell Create (0.3ms)[0m  [1m[32mINSERT INTO "cells" ("game_id", "row", "column", "created_at", "updated_at") VALUES ($1, $2, $3, $4, $5) RETURNING "id"[0m  [["game_id", 1], ["row", 0], ["column", 0], ["created_at", "2020-09-15 08:00:14.038416"], ["updated_at", "2020-09-15 08:00:14.038416"]]
  [1m[36mCell Create (0.3ms)[0m  [1m[32mINSERT INTO "cells" ("game_id", "row", "column", "created_at", "updated_at") VALUES ($1, $2, $3, $4, $5) RETURNING "id"[0m  [["game_id", 1], ["row", 2], ["column", 2], ["created_at", "2020-09-15 08:00:14.039264"], ["updated_at", "2020-09-15 08:00:14.039264"]]
  [1m[36mCell Create (0.3ms)[0m  [1m[32mINSERT INTO "cells" ("game_id", "row", "column", "created_at", "updated_at") VALUES ($1, $2, $3, $4, $5) RETURNING "id"[0m  [["game_id", 1], ["row", 1], ["column", 1], ["created_at", "2020-09-15 08:00:14.040052"], ["updated_at", "2020-09-15 08:00:14.040052"]]
  [1m[36mCell Create (0.3ms)[0m  [1m[32mINSERT INTO "cells" ("game_id", "row", "column", "created_at", "updated_at") VALUES ($1, $2, $3, $4, $5) RETURNING "id"[0m  [["game_id", 1], ["row", 0], ["column", 2], ["created_at", "2020-09-15 08:00:14.040840"], ["updated_at", "2020-09-15 08:00:14.040840"]]
  [1m[35m (2.1ms)[0m  [1m[35mCOMMIT[0m
  [1m[36mGame Load (0.9ms)[0m  [1m[34mSELECT "games".* FROM "games" ORDER BY "games"."id" ASC LIMIT $1[0m  [["LIMIT", 1]]
  [1m[35m (0.8ms)[0m  [1m[34mSELECT "cells"."row", "cells"."column", "cells"."mine" FROM "cells" WHERE "cells"."game_id" = $1 ORDER BY "cells"."row" ASC, "cells"."column" ASC[0m  [["game_id", 1]]
  [1m[36mGame Load (0.4ms)[0m  [1m[34mSELECT "games".* FROM "games" ORDER BY "games"."id" ASC LIMIT $1[0m  [["LIMIT", 1]]
  [1m[35m (0.3ms)[0m  [1m[35mBEGIN[0m
  [1m[36mGame Create (0.6ms)[0m  [1m[32mINSERT INTO "games" ("rows", "columns", "mines", "created_at", "updated_at") VALUES ($1, $2, $3, $4, $5) RETURNING "id"[0m  [["rows", 1], ["columns", 2], ["mines", 1], ["created_at", "2020-09-15 08:06:48.406428"], ["updated_at", "2020-09-15 08:06:48.406428"]]
  [1m[36mCell Create (0.4ms)[0m  [1m[32mINSERT INTO "cells" ("game_id", "row", "column", "mine", "created_at", "updated_at") VALUES ($1, $2, $3, $4, $5, $6) RETURNING "id"[0m  [["game_id", 2], ["row", 1], ["column", 1], ["mine", true], ["created_at", "2020-09-15 08:06:48.408315"], ["updated_at", "2020-09-15 08:06:48.408315"]]
  [1m[36mCell Create (0.3ms)[0m  [1m[32mINSERT INTO "cells" ("game_id", "row", "column", "created_at", "updated_at") VALUES ($1, $2, $3, $4, $5) RETURNING "id"[0m  [["game_id", 2], ["row", 0], ["column", 0], ["created_at", "2020-09-15 08:06:48.409501"], ["updated_at", "2020-09-15 08:06:48.409501"]]
  [1m[35m (2.0ms)[0m  [1m[35mCOMMIT[0m
  [1m[36mCell Load (0.4ms)[0m  [1m[34mSELECT "cells".* FROM "cells" WHERE "cells"."game_id" = $1 ORDER BY "cells"."row" ASC, "cells"."column" ASC LIMIT $2[0m  [["game_id", 2], ["LIMIT", 11]]
  [1m[35m (0.9ms)[0m  [1m[34mSELECT "cells"."row", "cells"."column", "cells"."mine" FROM "cells" WHERE "cells"."game_id" = $1 ORDER BY "cells"."row" ASC, "cells"."column" ASC[0m  [["game_id", 2]]
  [1m[35m (1.5ms)[0m  [1m[34mSELECT "schema_migrations"."version" FROM "schema_migrations" ORDER BY "schema_migrations"."version" ASC[0m
  [1m[35m (1.0ms)[0m  [1m[34mSELECT "schema_migrations"."version" FROM "schema_migrations" ORDER BY "schema_migrations"."version" ASC[0m
  [1m[35m (1.0ms)[0m  [1m[34mSELECT "schema_migrations"."version" FROM "schema_migrations" ORDER BY "schema_migrations"."version" ASC[0m
  [1m[35m (1.0ms)[0m  [1m[34mSELECT "schema_migrations"."version" FROM "schema_migrations" ORDER BY "schema_migrations"."version" ASC[0m
  [1m[35m (1.0ms)[0m  [1m[34mSELECT "schema_migrations"."version" FROM "schema_migrations" ORDER BY "schema_migrations"."version" ASC[0m
  [1m[35m (1.0ms)[0m  [1m[34mSELECT "schema_migrations"."version" FROM "schema_migrations" ORDER BY "schema_migrations"."version" ASC[0m
  [1m[35m (1.0ms)[0m  [1m[34mSELECT "schema_migrations"."version" FROM "schema_migrations" ORDER BY "schema_migrations"."version" ASC[0m
  [1m[35m (251.3ms)[0m  [1m[35mCREATE DATABASE "minesweeper-API_development" ENCODING = 'unicode'[0m
  [1m[35m (1.2ms)[0m  [1m[35mCREATE DATABASE "minesweeper-API_test" ENCODING = 'unicode'[0m
  [1m[35m (19.2ms)[0m  [1m[35mCREATE TABLE "schema_migrations" ("version" character varying NOT NULL PRIMARY KEY)[0m
  [1m[35m (15.8ms)[0m  [1m[35mCREATE TABLE "ar_internal_metadata" ("key" character varying NOT NULL PRIMARY KEY, "value" character varying, "created_at" timestamp(6) NOT NULL, "updated_at" timestamp(6) NOT NULL)[0m
  [1m[35m (0.8ms)[0m  [1m[34mSELECT pg_try_advisory_lock(235092539872922655)[0m
  [1m[35m (1.2ms)[0m  [1m[34mSELECT "schema_migrations"."version" FROM "schema_migrations" ORDER BY "schema_migrations"."version" ASC[0m
Migrating to CreateGames (20200915074529)
  [1m[35m (0.5ms)[0m  [1m[35mBEGIN[0m
  [1m[35m (9.9ms)[0m  [1m[35mCREATE TABLE "games" ("id" bigserial primary key, "rows" integer NOT NULL, "columns" integer NOT NULL, "mines" integer NOT NULL, "created_at" timestamp(6) NOT NULL, "updated_at" timestamp(6) NOT NULL)[0m
  [1m[36mprimary::SchemaMigration Create (1.0ms)[0m  [1m[32mINSERT INTO "schema_migrations" ("version") VALUES ($1) RETURNING "version"[0m  [["version", "20200915074529"]]
  [1m[35m (3.3ms)[0m  [1m[35mCOMMIT[0m
Migrating to CreateCells (20200915074554)
  [1m[35m (0.6ms)[0m  [1m[35mBEGIN[0m
  [1m[35m (6.5ms)[0m  [1m[35mCREATE TABLE "cells" ("id" bigserial primary key, "game_id" bigint, "row" integer NOT NULL, "column" integer NOT NULL, "state" integer DEFAULT 0 NOT NULL, "mine" boolean DEFAULT FALSE NOT NULL, "created_at" timestamp(6) NOT NULL, "updated_at" timestamp(6) NOT NULL)[0m
  [1m[35m (3.0ms)[0m  [1m[35mCREATE  INDEX  "index_cells_on_game_id" ON "cells"  ("game_id")[0m
  [1m[36mprimary::SchemaMigration Create (0.5ms)[0m  [1m[32mINSERT INTO "schema_migrations" ("version") VALUES ($1) RETURNING "version"[0m  [["version", "20200915074554"]]
  [1m[35m (1.4ms)[0m  [1m[35mCOMMIT[0m
  [1m[36mActiveRecord::InternalMetadata Load (0.7ms)[0m  [1m[34mSELECT "ar_internal_metadata".* FROM "ar_internal_metadata" WHERE "ar_internal_metadata"."key" = $1 LIMIT $2[0m  [["key", "environment"], ["LIMIT", 1]]
  [1m[35m (0.3ms)[0m  [1m[35mBEGIN[0m
  [1m[36mActiveRecord::InternalMetadata Create (0.6ms)[0m  [1m[32mINSERT INTO "ar_internal_metadata" ("key", "value", "created_at", "updated_at") VALUES ($1, $2, $3, $4) RETURNING "key"[0m  [["key", "environment"], ["value", "development"], ["created_at", "2020-09-22 10:46:14.625595"], ["updated_at", "2020-09-22 10:46:14.625595"]]
  [1m[35m (1.2ms)[0m  [1m[35mCOMMIT[0m
  [1m[35m (0.4ms)[0m  [1m[34mSELECT pg_advisory_unlock(235092539872922655)[0m
  [1m[35m (0.7ms)[0m  [1m[34mSELECT "schema_migrations"."version" FROM "schema_migrations" ORDER BY "schema_migrations"."version" ASC[0m
  [1m[35m (0.6ms)[0m  [1m[34mSELECT "schema_migrations"."version" FROM "schema_migrations" ORDER BY "schema_migrations"."version" ASC[0m
  [1m[35m (0.3ms)[0m  [1m[34mSELECT "schema_migrations"."version" FROM "schema_migrations" ORDER BY "schema_migrations"."version" ASC[0m
  [1m[35m (0.3ms)[0m  [1m[34mSELECT "schema_migrations"."version" FROM "schema_migrations" ORDER BY "schema_migrations"."version" ASC[0m
  [1m[35m (0.4ms)[0m  [1m[34mSELECT pg_try_advisory_lock(235092539872922655)[0m
  [1m[35m (0.3ms)[0m  [1m[34mSELECT "schema_migrations"."version" FROM "schema_migrations" ORDER BY "schema_migrations"."version" ASC[0m
Migrating to CreateCells (20200915074554)
  [1m[35m (0.2ms)[0m  [1m[35mBEGIN[0m
  [1m[35m (1.5ms)[0m  [1m[35mDROP TABLE "cells"[0m
  [1m[36mprimary::SchemaMigration Destroy (0.5ms)[0m  [1m[31mDELETE FROM "schema_migrations" WHERE "schema_migrations"."version" = $1[0m  [["version", "20200915074554"]]
  [1m[35m (3.8ms)[0m  [1m[35mCOMMIT[0m
  [1m[35m (0.4ms)[0m  [1m[34mSELECT pg_advisory_unlock(235092539872922655)[0m
  [1m[35m (0.7ms)[0m  [1m[34mSELECT "schema_migrations"."version" FROM "schema_migrations" ORDER BY "schema_migrations"."version" ASC[0m
  [1m[35m (0.4ms)[0m  [1m[34mSELECT pg_try_advisory_lock(235092539872922655)[0m
  [1m[35m (0.9ms)[0m  [1m[34mSELECT "schema_migrations"."version" FROM "schema_migrations" ORDER BY "schema_migrations"."version" ASC[0m
Migrating to CreateCells (20200915074554)
  [1m[35m (0.2ms)[0m  [1m[35mBEGIN[0m
  [1m[35m (7.8ms)[0m  [1m[35mCREATE TABLE "cells" ("id" bigserial primary key, "game_id" bigint, "row" integer NOT NULL, "column" integer NOT NULL, "hiddenStatus" integer DEFAULT 0 NOT NULL, "mine" boolean DEFAULT FALSE NOT NULL, "revealed" boolean DEFAULT FALSE NOT NULL, "value" integer, "created_at" timestamp(6) NOT NULL, "updated_at" timestamp(6) NOT NULL)[0m
  [1m[35m (5.5ms)[0m  [1m[35mCREATE  INDEX  "index_cells_on_game_id" ON "cells"  ("game_id")[0m
  [1m[36mprimary::SchemaMigration Create (0.4ms)[0m  [1m[32mINSERT INTO "schema_migrations" ("version") VALUES ($1) RETURNING "version"[0m  [["version", "20200915074554"]]
  [1m[35m (2.8ms)[0m  [1m[35mCOMMIT[0m
  [1m[36mActiveRecord::InternalMetadata Load (0.4ms)[0m  [1m[34mSELECT "ar_internal_metadata".* FROM "ar_internal_metadata" WHERE "ar_internal_metadata"."key" = $1 LIMIT $2[0m  [["key", "environment"], ["LIMIT", 1]]
  [1m[35m (0.3ms)[0m  [1m[34mSELECT pg_advisory_unlock(235092539872922655)[0m
  [1m[35m (0.7ms)[0m  [1m[34mSELECT "schema_migrations"."version" FROM "schema_migrations" ORDER BY "schema_migrations"."version" ASC[0m
  [1m[35m (0.3ms)[0m  [1m[35mBEGIN[0m
  [1m[36mGame Create (0.9ms)[0m  [1m[32mINSERT INTO "games" ("rows", "columns", "mines", "created_at", "updated_at") VALUES ($1, $2, $3, $4, $5) RETURNING "id"[0m  [["rows", 3], ["columns", 3], ["mines", 3], ["created_at", "2020-09-22 10:56:22.879603"], ["updated_at", "2020-09-22 10:56:22.879603"]]
  [1m[36mCell Create (0.8ms)[0m  [1m[32mINSERT INTO "cells" ("game_id", "row", "column", "mine", "value", "created_at", "updated_at") VALUES ($1, $2, $3, $4, $5, $6, $7) RETURNING "id"[0m  [["game_id", 1], ["row", 2], ["column", 2], ["mine", true], ["value", 0], ["created_at", "2020-09-22 10:56:22.882840"], ["updated_at", "2020-09-22 10:56:22.882840"]]
  [1m[36mCell Create (0.5ms)[0m  [1m[32mINSERT INTO "cells" ("game_id", "row", "column", "mine", "value", "created_at", "updated_at") VALUES ($1, $2, $3, $4, $5, $6, $7) RETURNING "id"[0m  [["game_id", 1], ["row", 0], ["column", 1], ["mine", true], ["value", 0], ["created_at", "2020-09-22 10:56:22.884941"], ["updated_at", "2020-09-22 10:56:22.884941"]]
  [1m[36mCell Create (0.4ms)[0m  [1m[32mINSERT INTO "cells" ("game_id", "row", "column", "mine", "value", "created_at", "updated_at") VALUES ($1, $2, $3, $4, $5, $6, $7) RETURNING "id"[0m  [["game_id", 1], ["row", 2], ["column", 1], ["mine", true], ["value", 0], ["created_at", "2020-09-22 10:56:22.887194"], ["updated_at", "2020-09-22 10:56:22.887194"]]
  [1m[36mCell Create (0.4ms)[0m  [1m[32mINSERT INTO "cells" ("game_id", "row", "column", "value", "created_at", "updated_at") VALUES ($1, $2, $3, $4, $5, $6) RETURNING "id"[0m  [["game_id", 1], ["row", 1], ["column", 1], ["value", 0], ["created_at", "2020-09-22 10:56:22.888534"], ["updated_at", "2020-09-22 10:56:22.888534"]]
  [1m[36mCell Create (0.4ms)[0m  [1m[32mINSERT INTO "cells" ("game_id", "row", "column", "value", "created_at", "updated_at") VALUES ($1, $2, $3, $4, $5, $6) RETURNING "id"[0m  [["game_id", 1], ["row", 1], ["column", 0], ["value", 0], ["created_at", "2020-09-22 10:56:22.889807"], ["updated_at", "2020-09-22 10:56:22.889807"]]
  [1m[36mCell Create (0.3ms)[0m  [1m[32mINSERT INTO "cells" ("game_id", "row", "column", "value", "created_at", "updated_at") VALUES ($1, $2, $3, $4, $5, $6) RETURNING "id"[0m  [["game_id", 1], ["row", 0], ["column", 0], ["value", 0], ["created_at", "2020-09-22 10:56:22.891180"], ["updated_at", "2020-09-22 10:56:22.891180"]]
  [1m[36mCell Create (0.3ms)[0m  [1m[32mINSERT INTO "cells" ("game_id", "row", "column", "value", "created_at", "updated_at") VALUES ($1, $2, $3, $4, $5, $6) RETURNING "id"[0m  [["game_id", 1], ["row", 1], ["column", 2], ["value", 0], ["created_at", "2020-09-22 10:56:22.892384"], ["updated_at", "2020-09-22 10:56:22.892384"]]
  [1m[36mCell Create (0.3ms)[0m  [1m[32mINSERT INTO "cells" ("game_id", "row", "column", "value", "created_at", "updated_at") VALUES ($1, $2, $3, $4, $5, $6) RETURNING "id"[0m  [["game_id", 1], ["row", 0], ["column", 2], ["value", 0], ["created_at", "2020-09-22 10:56:22.893591"], ["updated_at", "2020-09-22 10:56:22.893591"]]
  [1m[36mCell Create (0.3ms)[0m  [1m[32mINSERT INTO "cells" ("game_id", "row", "column", "value", "created_at", "updated_at") VALUES ($1, $2, $3, $4, $5, $6) RETURNING "id"[0m  [["game_id", 1], ["row", 2], ["column", 0], ["value", 0], ["created_at", "2020-09-22 10:56:22.894833"], ["updated_at", "2020-09-22 10:56:22.894833"]]
  [1m[35m (1.1ms)[0m  [1m[35mCOMMIT[0m
  [1m[36mGame Load (0.5ms)[0m  [1m[34mSELECT "games".* FROM "games" ORDER BY "games"."id" ASC LIMIT $1[0m  [["LIMIT", 1]]
  [1m[36mCell Load (0.5ms)[0m  [1m[34mSELECT "cells".* FROM "cells" WHERE "cells"."game_id" = $1 ORDER BY "cells"."row" ASC, "cells"."column" ASC LIMIT $2[0m  [["game_id", 1], ["LIMIT", 11]]
  [1m[36mGame Load (0.5ms)[0m  [1m[34mSELECT "games".* FROM "games" ORDER BY "games"."id" ASC LIMIT $1[0m  [["LIMIT", 1]]
  [1m[35m (0.4ms)[0m  [1m[34mSELECT "cells"."row", "cells"."column", "cells"."mine", "cells"."value" FROM "cells" WHERE "cells"."game_id" = $1 ORDER BY "cells"."row" ASC, "cells"."column" ASC[0m  [["game_id", 1]]
  [1m[35m (0.3ms)[0m  [1m[35mBEGIN[0m
  [1m[36mGame Create (0.6ms)[0m  [1m[32mINSERT INTO "games" ("rows", "columns", "mines", "created_at", "updated_at") VALUES ($1, $2, $3, $4, $5) RETURNING "id"[0m  [["rows", 3], ["columns", 3], ["mines", 3], ["created_at", "2020-09-22 10:57:22.731830"], ["updated_at", "2020-09-22 10:57:22.731830"]]
  [1m[36mCell Create (0.4ms)[0m  [1m[32mINSERT INTO "cells" ("game_id", "row", "column", "mine", "value", "created_at", "updated_at") VALUES ($1, $2, $3, $4, $5, $6, $7) RETURNING "id"[0m  [["game_id", 2], ["row", 1], ["column", 0], ["mine", true], ["value", 0], ["created_at", "2020-09-22 10:57:22.733768"], ["updated_at", "2020-09-22 10:57:22.733768"]]
  [1m[36mCell Create (0.4ms)[0m  [1m[32mINSERT INTO "cells" ("game_id", "row", "column", "mine", "value", "created_at", "updated_at") VALUES ($1, $2, $3, $4, $5, $6, $7) RETURNING "id"[0m  [["game_id", 2], ["row", 0], ["column", 1], ["mine", true], ["value", 0], ["created_at", "2020-09-22 10:57:22.735211"], ["updated_at", "2020-09-22 10:57:22.735211"]]
  [1m[36mCell Create (0.4ms)[0m  [1m[32mINSERT INTO "cells" ("game_id", "row", "column", "mine", "value", "created_at", "updated_at") VALUES ($1, $2, $3, $4, $5, $6, $7) RETURNING "id"[0m  [["game_id", 2], ["row", 2], ["column", 0], ["mine", true], ["value", 0], ["created_at", "2020-09-22 10:57:22.736560"], ["updated_at", "2020-09-22 10:57:22.736560"]]
  [1m[36mCell Create (0.4ms)[0m  [1m[32mINSERT INTO "cells" ("game_id", "row", "column", "value", "created_at", "updated_at") VALUES ($1, $2, $3, $4, $5, $6) RETURNING "id"[0m  [["game_id", 2], ["row", 2], ["column", 1], ["value", 0], ["created_at", "2020-09-22 10:57:22.737923"], ["updated_at", "2020-09-22 10:57:22.737923"]]
  [1m[36mCell Create (0.4ms)[0m  [1m[32mINSERT INTO "cells" ("game_id", "row", "column", "value", "created_at", "updated_at") VALUES ($1, $2, $3, $4, $5, $6) RETURNING "id"[0m  [["game_id", 2], ["row", 1], ["column", 2], ["value", 0], ["created_at", "2020-09-22 10:57:22.739248"], ["updated_at", "2020-09-22 10:57:22.739248"]]
  [1m[36mCell Create (0.4ms)[0m  [1m[32mINSERT INTO "cells" ("game_id", "row", "column", "value", "created_at", "updated_at") VALUES ($1, $2, $3, $4, $5, $6) RETURNING "id"[0m  [["game_id", 2], ["row", 0], ["column", 2], ["value", 0], ["created_at", "2020-09-22 10:57:22.740534"], ["updated_at", "2020-09-22 10:57:22.740534"]]
  [1m[36mCell Create (0.4ms)[0m  [1m[32mINSERT INTO "cells" ("game_id", "row", "column", "value", "created_at", "updated_at") VALUES ($1, $2, $3, $4, $5, $6) RETURNING "id"[0m  [["game_id", 2], ["row", 0], ["column", 0], ["value", 0], ["created_at", "2020-09-22 10:57:22.741889"], ["updated_at", "2020-09-22 10:57:22.741889"]]
  [1m[36mCell Create (0.4ms)[0m  [1m[32mINSERT INTO "cells" ("game_id", "row", "column", "value", "created_at", "updated_at") VALUES ($1, $2, $3, $4, $5, $6) RETURNING "id"[0m  [["game_id", 2], ["row", 2], ["column", 2], ["value", 0], ["created_at", "2020-09-22 10:57:22.743126"], ["updated_at", "2020-09-22 10:57:22.743126"]]
  [1m[36mCell Create (0.4ms)[0m  [1m[32mINSERT INTO "cells" ("game_id", "row", "column", "value", "created_at", "updated_at") VALUES ($1, $2, $3, $4, $5, $6) RETURNING "id"[0m  [["game_id", 2], ["row", 1], ["column", 1], ["value", 0], ["created_at", "2020-09-22 10:57:22.744329"], ["updated_at", "2020-09-22 10:57:22.744329"]]
  [1m[35m (1.2ms)[0m  [1m[35mCOMMIT[0m
  [1m[35m (0.3ms)[0m  [1m[35mBEGIN[0m
  [1m[36mGame Create (0.6ms)[0m  [1m[32mINSERT INTO "games" ("rows", "columns", "mines", "created_at", "updated_at") VALUES ($1, $2, $3, $4, $5) RETURNING "id"[0m  [["rows", 3], ["columns", 3], ["mines", 3], ["created_at", "2020-09-22 11:00:06.187780"], ["updated_at", "2020-09-22 11:00:06.187780"]]
  [1m[36mCell Create (0.5ms)[0m  [1m[32mINSERT INTO "cells" ("game_id", "row", "column", "mine", "value", "created_at", "updated_at") VALUES ($1, $2, $3, $4, $5, $6, $7) RETURNING "id"[0m  [["game_id", 3], ["row", 1], ["column", 2], ["mine", true], ["value", 0], ["created_at", "2020-09-22 11:00:06.189643"], ["updated_at", "2020-09-22 11:00:06.189643"]]
  [1m[36mCell Create (0.4ms)[0m  [1m[32mINSERT INTO "cells" ("game_id", "row", "column", "mine", "value", "created_at", "updated_at") VALUES ($1, $2, $3, $4, $5, $6, $7) RETURNING "id"[0m  [["game_id", 3], ["row", 0], ["column", 2], ["mine", true], ["value", 0], ["created_at", "2020-09-22 11:00:06.191172"], ["updated_at", "2020-09-22 11:00:06.191172"]]
  [1m[36mCell Create (0.4ms)[0m  [1m[32mINSERT INTO "cells" ("game_id", "row", "column", "mine", "value", "created_at", "updated_at") VALUES ($1, $2, $3, $4, $5, $6, $7) RETURNING "id"[0m  [["game_id", 3], ["row", 2], ["column", 2], ["mine", true], ["value", 0], ["created_at", "2020-09-22 11:00:06.192524"], ["updated_at", "2020-09-22 11:00:06.192524"]]
  [1m[36mCell Create (0.4ms)[0m  [1m[32mINSERT INTO "cells" ("game_id", "row", "column", "value", "created_at", "updated_at") VALUES ($1, $2, $3, $4, $5, $6) RETURNING "id"[0m  [["game_id", 3], ["row", 0], ["column", 1], ["value", 0], ["created_at", "2020-09-22 11:00:06.193884"], ["updated_at", "2020-09-22 11:00:06.193884"]]
  [1m[36mCell Create (0.4ms)[0m  [1m[32mINSERT INTO "cells" ("game_id", "row", "column", "value", "created_at", "updated_at") VALUES ($1, $2, $3, $4, $5, $6) RETURNING "id"[0m  [["game_id", 3], ["row", 2], ["column", 1], ["value", 0], ["created_at", "2020-09-22 11:00:06.195142"], ["updated_at", "2020-09-22 11:00:06.195142"]]
  [1m[36mCell Create (0.4ms)[0m  [1m[32mINSERT INTO "cells" ("game_id", "row", "column", "value", "created_at", "updated_at") VALUES ($1, $2, $3, $4, $5, $6) RETURNING "id"[0m  [["game_id", 3], ["row", 1], ["column", 1], ["value", 0], ["created_at", "2020-09-22 11:00:06.196429"], ["updated_at", "2020-09-22 11:00:06.196429"]]
  [1m[36mCell Create (0.4ms)[0m  [1m[32mINSERT INTO "cells" ("game_id", "row", "column", "value", "created_at", "updated_at") VALUES ($1, $2, $3, $4, $5, $6) RETURNING "id"[0m  [["game_id", 3], ["row", 0], ["column", 0], ["value", 0], ["created_at", "2020-09-22 11:00:06.197779"], ["updated_at", "2020-09-22 11:00:06.197779"]]
  [1m[36mCell Create (0.4ms)[0m  [1m[32mINSERT INTO "cells" ("game_id", "row", "column", "value", "created_at", "updated_at") VALUES ($1, $2, $3, $4, $5, $6) RETURNING "id"[0m  [["game_id", 3], ["row", 2], ["column", 0], ["value", 0], ["created_at", "2020-09-22 11:00:06.199126"], ["updated_at", "2020-09-22 11:00:06.199126"]]
  [1m[36mCell Create (0.4ms)[0m  [1m[32mINSERT INTO "cells" ("game_id", "row", "column", "value", "created_at", "updated_at") VALUES ($1, $2, $3, $4, $5, $6) RETURNING "id"[0m  [["game_id", 3], ["row", 1], ["column", 0], ["value", 0], ["created_at", "2020-09-22 11:00:06.200422"], ["updated_at", "2020-09-22 11:00:06.200422"]]
  [1m[35m (1.5ms)[0m  [1m[35mCOMMIT[0m
  [1m[36mGame Load (0.5ms)[0m  [1m[34mSELECT "games".* FROM "games"[0m
  [1m[35m (0.3ms)[0m  [1m[35mBEGIN[0m
  [1m[36mGame Destroy (0.4ms)[0m  [1m[31mDELETE FROM "games" WHERE "games"."id" = $1[0m  [["id", 1]]
  [1m[35m (3.6ms)[0m  [1m[35mCOMMIT[0m
  [1m[35m (0.4ms)[0m  [1m[35mBEGIN[0m
  [1m[36mGame Destroy (0.7ms)[0m  [1m[31mDELETE FROM "games" WHERE "games"."id" = $1[0m  [["id", 2]]
  [1m[35m (2.8ms)[0m  [1m[35mCOMMIT[0m
  [1m[35m (0.4ms)[0m  [1m[35mBEGIN[0m
  [1m[36mGame Destroy (0.7ms)[0m  [1m[31mDELETE FROM "games" WHERE "games"."id" = $1[0m  [["id", 3]]
  [1m[35m (3.0ms)[0m  [1m[35mCOMMIT[0m
  [1m[35m (0.3ms)[0m  [1m[35mBEGIN[0m
  [1m[35m (0.4ms)[0m  [1m[31mROLLBACK[0m
  [1m[35m (0.3ms)[0m  [1m[35mBEGIN[0m
  [1m[36mGame Create (0.7ms)[0m  [1m[32mINSERT INTO "games" ("rows", "columns", "mines", "created_at", "updated_at") VALUES ($1, $2, $3, $4, $5) RETURNING "id"[0m  [["rows", 3], ["columns", 3], ["mines", 3], ["created_at", "2020-09-22 11:01:35.427342"], ["updated_at", "2020-09-22 11:01:35.427342"]]
  [1m[36mCell Create (0.5ms)[0m  [1m[32mINSERT INTO "cells" ("game_id", "row", "column", "mine", "value", "created_at", "updated_at") VALUES ($1, $2, $3, $4, $5, $6, $7) RETURNING "id"[0m  [["game_id", 4], ["row", 2], ["column", 0], ["mine", true], ["value", 2], ["created_at", "2020-09-22 11:01:35.429376"], ["updated_at", "2020-09-22 11:01:35.429376"]]
  [1m[36mCell Create (0.4ms)[0m  [1m[32mINSERT INTO "cells" ("game_id", "row", "column", "mine", "value", "created_at", "updated_at") VALUES ($1, $2, $3, $4, $5, $6, $7) RETURNING "id"[0m  [["game_id", 4], ["row", 0], ["column", 2], ["mine", true], ["value", 1], ["created_at", "2020-09-22 11:01:35.430853"], ["updated_at", "2020-09-22 11:01:35.430853"]]
  [1m[36mCell Create (0.4ms)[0m  [1m[32mINSERT INTO "cells" ("game_id", "row", "column", "mine", "value", "created_at", "updated_at") VALUES ($1, $2, $3, $4, $5, $6, $7) RETURNING "id"[0m  [["game_id", 4], ["row", 1], ["column", 0], ["mine", true], ["value", 2], ["created_at", "2020-09-22 11:01:35.432224"], ["updated_at", "2020-09-22 11:01:35.432224"]]
  [1m[36mCell Create (0.4ms)[0m  [1m[32mINSERT INTO "cells" ("game_id", "row", "column", "value", "created_at", "updated_at") VALUES ($1, $2, $3, $4, $5, $6) RETURNING "id"[0m  [["game_id", 4], ["row", 1], ["column", 2], ["value", 1], ["created_at", "2020-09-22 11:01:35.433591"], ["updated_at", "2020-09-22 11:01:35.433591"]]
  [1m[36mCell Create (0.4ms)[0m  [1m[32mINSERT INTO "cells" ("game_id", "row", "column", "value", "created_at", "updated_at") VALUES ($1, $2, $3, $4, $5, $6) RETURNING "id"[0m  [["game_id", 4], ["row", 2], ["column", 2], ["value", 0], ["created_at", "2020-09-22 11:01:35.434963"], ["updated_at", "2020-09-22 11:01:35.434963"]]
  [1m[36mCell Create (0.5ms)[0m  [1m[32mINSERT INTO "cells" ("game_id", "row", "column", "value", "created_at", "updated_at") VALUES ($1, $2, $3, $4, $5, $6) RETURNING "id"[0m  [["game_id", 4], ["row", 0], ["column", 0], ["value", 1], ["created_at", "2020-09-22 11:01:35.436294"], ["updated_at", "2020-09-22 11:01:35.436294"]]
  [1m[36mCell Create (0.5ms)[0m  [1m[32mINSERT INTO "cells" ("game_id", "row", "column", "value", "created_at", "updated_at") VALUES ($1, $2, $3, $4, $5, $6) RETURNING "id"[0m  [["game_id", 4], ["row", 1], ["column", 1], ["value", 3], ["created_at", "2020-09-22 11:01:35.437792"], ["updated_at", "2020-09-22 11:01:35.437792"]]
  [1m[36mCell Create (0.5ms)[0m  [1m[32mINSERT INTO "cells" ("game_id", "row", "column", "value", "created_at", "updated_at") VALUES ($1, $2, $3, $4, $5, $6) RETURNING "id"[0m  [["game_id", 4], ["row", 0], ["column", 1], ["value", 2], ["created_at", "2020-09-22 11:01:35.439444"], ["updated_at", "2020-09-22 11:01:35.439444"]]
  [1m[36mCell Create (0.5ms)[0m  [1m[32mINSERT INTO "cells" ("game_id", "row", "column", "value", "created_at", "updated_at") VALUES ($1, $2, $3, $4, $5, $6) RETURNING "id"[0m  [["game_id", 4], ["row", 2], ["column", 1], ["value", 2], ["created_at", "2020-09-22 11:01:35.441119"], ["updated_at", "2020-09-22 11:01:35.441119"]]
  [1m[35m (1.0ms)[0m  [1m[35mCOMMIT[0m
  [1m[36mGame Load (0.5ms)[0m  [1m[34mSELECT "games".* FROM "games" ORDER BY "games"."id" ASC LIMIT $1[0m  [["LIMIT", 1]]
  [1m[35m (0.4ms)[0m  [1m[34mSELECT "cells"."value" FROM "cells" WHERE "cells"."game_id" = $1 ORDER BY "cells"."row" ASC, "cells"."column" ASC[0m  [["game_id", 4]]
  [1m[36mGame Load (0.5ms)[0m  [1m[34mSELECT "games".* FROM "games" ORDER BY "games"."id" ASC LIMIT $1[0m  [["LIMIT", 1]]
  [1m[35m (0.4ms)[0m  [1m[34mSELECT "cells"."row", "cells"."column", "cells"."mine", "cells"."value" FROM "cells" WHERE "cells"."game_id" = $1 ORDER BY "cells"."row" ASC, "cells"."column" ASC[0m  [["game_id", 4]]
  [1m[36mGame Load (0.5ms)[0m  [1m[34mSELECT "games".* FROM "games" ORDER BY "games"."id" ASC LIMIT $1[0m  [["LIMIT", 1]]
  [1m[35m (0.4ms)[0m  [1m[34mSELECT "cells"."mine", "cells"."value" FROM "cells" WHERE "cells"."game_id" = $1 AND "cells"."row" = $2 ORDER BY "cells"."row" ASC, "cells"."column" ASC[0m  [["game_id", 4], ["row", 1]]
  [1m[36mGame Load (0.5ms)[0m  [1m[34mSELECT "games".* FROM "games" ORDER BY "games"."id" ASC LIMIT $1[0m  [["LIMIT", 1]]
  [1m[35m (0.4ms)[0m  [1m[34mSELECT "cells"."mine", "cells"."value" FROM "cells" WHERE "cells"."game_id" = $1 AND "cells"."row" = $2 ORDER BY "cells"."row" ASC, "cells"."column" ASC[0m  [["game_id", 4], ["row", 0]]
  [1m[36mGame Load (0.5ms)[0m  [1m[34mSELECT "games".* FROM "games" ORDER BY "games"."id" ASC LIMIT $1[0m  [["LIMIT", 1]]
  [1m[35m (0.4ms)[0m  [1m[34mSELECT "cells"."mine", "cells"."value" FROM "cells" WHERE "cells"."game_id" = $1 AND "cells"."row" = $2 ORDER BY "cells"."row" ASC, "cells"."column" ASC[0m  [["game_id", 4], ["row", 1]]
  [1m[36mGame Load (0.5ms)[0m  [1m[34mSELECT "games".* FROM "games" ORDER BY "games"."id" ASC LIMIT $1[0m  [["LIMIT", 1]]
  [1m[35m (0.4ms)[0m  [1m[34mSELECT "cells"."mine", "cells"."value" FROM "cells" WHERE "cells"."game_id" = $1 AND "cells"."row" = $2 ORDER BY "cells"."row" ASC, "cells"."column" ASC[0m  [["game_id", 4], ["row", 2]]
  [1m[36mGame Load (1.0ms)[0m  [1m[34mSELECT "games".* FROM "games" ORDER BY "games"."id" ASC LIMIT $1[0m  [["LIMIT", 1]]
  [1m[36mCell Load (1.0ms)[0m  [1m[34mSELECT "cells".* FROM "cells" WHERE "cells"."game_id" = $1 ORDER BY "cells"."row" ASC, "cells"."column" ASC LIMIT $2[0m  [["game_id", 4], ["LIMIT", 11]]
  [1m[35m (0.4ms)[0m  [1m[34mSELECT pg_try_advisory_lock(235092539872922655)[0m
  [1m[35m (0.7ms)[0m  [1m[34mSELECT "schema_migrations"."version" FROM "schema_migrations" ORDER BY "schema_migrations"."version" ASC[0m
Migrating to DeviseCreateUsers (20200922111620)
  [1m[35m (0.3ms)[0m  [1m[35mBEGIN[0m
  [1m[35m (10.9ms)[0m  [1m[35mCREATE TABLE "users" ("id" bigserial primary key, "email" character varying DEFAULT '' NOT NULL, "encrypted_password" character varying DEFAULT '' NOT NULL, "provider" character varying NOT NULL, "uid" character varying NOT NULL, "reset_password_token" character varying, "reset_password_sent_at" timestamp, "remember_created_at" timestamp, "created_at" timestamp(6) NOT NULL, "updated_at" timestamp(6) NOT NULL)[0m
  [1m[35m (2.7ms)[0m  [1m[35mCREATE UNIQUE INDEX  "index_users_on_email" ON "users"  ("email")[0m
  [1m[35m (2.8ms)[0m  [1m[35mCREATE UNIQUE INDEX  "index_users_on_reset_password_token" ON "users"  ("reset_password_token")[0m
  [1m[36mprimary::SchemaMigration Create (0.5ms)[0m  [1m[32mINSERT INTO "schema_migrations" ("version") VALUES ($1) RETURNING "version"[0m  [["version", "20200922111620"]]
  [1m[35m (2.0ms)[0m  [1m[35mCOMMIT[0m
  [1m[36mActiveRecord::InternalMetadata Load (0.4ms)[0m  [1m[34mSELECT "ar_internal_metadata".* FROM "ar_internal_metadata" WHERE "ar_internal_metadata"."key" = $1 LIMIT $2[0m  [["key", "environment"], ["LIMIT", 1]]
  [1m[35m (0.4ms)[0m  [1m[34mSELECT pg_advisory_unlock(235092539872922655)[0m
  [1m[35m (0.7ms)[0m  [1m[34mSELECT "schema_migrations"."version" FROM "schema_migrations" ORDER BY "schema_migrations"."version" ASC[0m
